16:03:47.729 From karate-config file 
16:03:48.224 request:
1 > POST https://www.w3schools.com/xml/tempconvert.asmx/CelsiusToFahrenheit
1 > Accept-Encoding: gzip,deflate
1 > Connection: Keep-Alive
1 > Content-Length: 10
1 > Content-Type: application/x-www-form-urlencoded; charset=UTF-8
1 > Host: www.w3schools.com
1 > User-Agent: Apache-HttpClient/4.5.12 (Java/1.8.0_251)
Celsius=40

16:03:48.697 response time in milliseconds: 474.47
1 < 200
1 < Cache-Control: private, max-age=0,public
1 < Content-Type: text/xml; charset=utf-8
1 < Date: Fri, 05 Feb 2021 10:25:38 GMT
1 < Server: Microsoft-IIS/7.5
1 < Vary: Accept-Encoding
1 < X-AspNet-Version: 4.0.30319
1 < X-Frame-Options: SAMEORIGIN
1 < X-Powered-By: ASP.NET
<?xml version="1.0" encoding="utf-8"?>
<string xmlns="https://www.w3schools.com/xml/">104</string>

16:03:48.697 [print] {
  "Cache-Control": [
    "private, max-age=0,public"
  ],
  "Content-Type": [
    "text/xml; charset=utf-8"
  ],
  "Date": [
    "Fri, 05 Feb 2021 10:25:38 GMT"
  ],
  "Server": [
    "Microsoft-IIS/7.5"
  ],
  "Vary": [
    "Accept-Encoding"
  ],
  "X-AspNet-Version": [
    "4.0.30319"
  ],
  "X-Frame-Options": [
    "SAMEORIGIN"
  ],
  "X-Powered-By": [
    "ASP.NET"
  ]
}

16:03:48.697 [print] xml
16:03:48.697 [print] 474
16:03:48.697 [print] <string xmlns="https://www.w3schools.com/xml/">104</string>

16:03:48.729 [print] {
  "__arg": null,
  "baseUrl": "https://reqres.in",
  "responseType": "xml",
  "responseHeaders": {
    "Cache-Control": [
      "private, max-age=0,public"
    ],
    "Content-Type": [
      "text/xml; charset=utf-8"
    ],
    "Date": [
      "Fri, 05 Feb 2021 10:25:38 GMT"
    ],
    "Server": [
      "Microsoft-IIS/7.5"
    ],
    "Vary": [
      "Accept-Encoding"
    ],
    "X-AspNet-Version": [
      "4.0.30319"
    ],
    "X-Frame-Options": [
      "SAMEORIGIN"
    ],
    "X-Powered-By": [
      "ASP.NET"
    ]
  },
  "listUsers": "/api/users?page=2",
  "responseTime": 474,
  "response": {
    "string": {
      "_": "104",
      "@": {
        "xmlns": "https://www.w3schools.com/xml/"
      }
    }
  },
  "requestTimeStamp": 1612521228224,
  "responseStatus": 200,
  "__loop": -1,
  "responseCookies": null
}

16:03:48.729 after scenario inside config 
16:03:48.729 From karate-config file 
16:03:48.745 request:
1 > POST http://www.dneonline.com/calculator.asmx
1 > Accept-Encoding: gzip,deflate
1 > Connection: Keep-Alive
1 > Content-Length: 314
1 > Content-Type: text/xml; charset=UTF-8
1 > Host: www.dneonline.com
1 > SOAPAction: http://tempuri.org/Add
1 > User-Agent: Apache-HttpClient/4.5.12 (Java/1.8.0_251)
<soap:Envelope xmlns:soap="http://schemas.xmlsoap.org/soap/envelope/" xmlns:xsd="http://www.w3.org/2001/XMLSchema" xmlns:xsi="http://www.w3.org/2001/XMLSchema-instance">
  <soap:Body>
    <Add xmlns="http://tempuri.org/">
      <intA>1</intA>
       <intB>2</intB>
    </Add>
  </soap:Body>
</soap:Envelope>

16:03:49.370 response time in milliseconds: 624.28
1 < 200
1 < Cache-Control: private, max-age=0
1 < Content-Type: text/xml; charset=utf-8
1 < Date: Fri, 05 Feb 2021 10:33:48 GMT
1 < Server: Microsoft-IIS/8.0
1 < Vary: Accept-Encoding
1 < X-AspNet-Version: 2.0.50727
1 < X-Powered-By: ASP.NET
1 < X-Powered-By-Plesk: PleskWin
<?xml version="1.0" encoding="utf-8"?><soap:Envelope xmlns:soap="http://schemas.xmlsoap.org/soap/envelope/" xmlns:xsi="http://www.w3.org/2001/XMLSchema-instance" xmlns:xsd="http://www.w3.org/2001/XMLSchema"><soap:Body><AddResponse xmlns="http://tempuri.org/"><AddResult>3</AddResult></AddResponse></soap:Body></soap:Envelope>

16:03:49.370 [print] {
  "Cache-Control": [
    "private, max-age=0"
  ],
  "Content-Type": [
    "text/xml; charset=utf-8"
  ],
  "Vary": [
    "Accept-Encoding"
  ],
  "Server": [
    "Microsoft-IIS/8.0"
  ],
  "X-AspNet-Version": [
    "2.0.50727"
  ],
  "X-Powered-By": [
    "ASP.NET"
  ],
  "X-Powered-By-Plesk": [
    "PleskWin"
  ],
  "Date": [
    "Fri, 05 Feb 2021 10:33:48 GMT"
  ]
}

16:03:49.370 [print] [
  "Microsoft-IIS/8.0"
]

16:03:49.370 [print] Microsoft-IIS/8.0
16:03:49.385 [print] false
16:03:49.385 [print] true
16:03:49.385 [print] xml
16:03:49.385 [print] <soap:Envelope xmlns:soap="http://schemas.xmlsoap.org/soap/envelope/" xmlns:xsd="http://www.w3.org/2001/XMLSchema" xmlns:xsi="http://www.w3.org/2001/XMLSchema-instance">
  <soap:Body>
    <AddResponse xmlns="http://tempuri.org/">
      <AddResult>3</AddResult>
    </AddResponse>
  </soap:Body>
</soap:Envelope>

16:03:49.401 [print] 624
16:03:49.401 [print] 200
16:03:49.401 after scenario inside config 
16:03:49.401 From karate-config file 
16:03:49.416 request:
1 > POST http://dummy.restapiexample.com/api/v1/create
1 > Accept-Encoding: gzip,deflate
1 > Connection: Keep-Alive
1 > Content-Length: 42
1 > Content-Type: application/json; charset=UTF-8
1 > Host: dummy.restapiexample.com
1 > User-Agent: Apache-HttpClient/4.5.12 (Java/1.8.0_251)
{"name":"Veera","salary":"123","age":"23"}

16:03:50.369 response time in milliseconds: 954.85
1 < 200
1 < Cache-Control: no-cache, private, max-age=31536000
1 < Content-Length: 129
1 < Content-Type: application/json
1 < Date: Fri, 05 Feb 2021 10:33:50 GMT
1 < Display: staticcontent_sol
1 < Expires: Sat, 05 Feb 2022 10:33:49 GMT
1 < Host-Header: c2hhcmVkLmJsdWVob3N0LmNvbQ==
1 < Referrer-Policy: 
1 < Response: 200
1 < Server: nginx/1.16.0
1 < Vary: [Accept-Encoding, Accept-Encoding,Origin]
1 < X-Ezoic-Cdn: Miss
1 < X-Middleton-Display: staticcontent_sol
1 < X-Middleton-Response: 200
1 < X-Ratelimit-Limit: 60
1 < X-Ratelimit-Remaining: 58
1 < X-Sol: pub_site
{"status":"success","data":{"name":"Veera","salary":"123","age":"23","id":5449},"message":"Successfully! Record has been added."}

16:03:50.369 [print] {
  "data": {
    "name": "Veera",
    "id": 5449,
    "salary": "123",
    "age": "23"
  },
  "message": "Successfully! Record has been added.",
  "status": "success"
}

16:03:50.369 [print] 5449
16:03:50.369 request:
2 > GET http://dummy.restapiexample.com/api/v1/employee/5449
2 > Accept-Encoding: gzip,deflate
2 > Connection: Keep-Alive
2 > Host: dummy.restapiexample.com
2 > User-Agent: Apache-HttpClient/4.5.12 (Java/1.8.0_251)

16:03:52.151 response time in milliseconds: 1776.66
2 < 200
2 < Cache-Control: no-cache, private, max-age=31536000
2 < Content-Length: 83
2 < Content-Type: application/json
2 < Date: Fri, 05 Feb 2021 10:33:52 GMT
2 < Display: staticcontent_sol
2 < Expires: Sat, 05 Feb 2022 10:33:51 GMT
2 < Host-Header: c2hhcmVkLmJsdWVob3N0LmNvbQ==
2 < Referrer-Policy: 
2 < Response: 200
2 < Server: nginx/1.16.0
2 < Vary: [Accept-Encoding, Accept-Encoding,User-Agent,Origin]
2 < X-Ezoic-Cdn: Miss
2 < X-Middleton-Display: staticcontent_sol
2 < X-Middleton-Response: 200
2 < X-Ratelimit-Limit: 60
2 < X-Ratelimit-Remaining: 58
2 < X-Sol: pub_site
{"status":"success","data":null,"message":"Successfully! Record has been fetched."}

16:03:52.151 [print] {
  "data": null,
  "message": "Successfully! Record has been fetched.",
  "status": "success"
}

16:03:52.151 after scenario inside config 
16:03:52.151 From karate-config file 
16:03:52.167 request:
1 > GET http://192.168.1.62:8082/consumers/my-consumer-group/instances/veera_consumer/assignments
1 > Accept: application/vnd.kafka.v2+json
1 > Accept-Encoding: gzip,deflate
1 > Connection: Keep-Alive
1 > Host: 192.168.1.62:8082
1 > User-Agent: Apache-HttpClient/4.5.12 (Java/1.8.0_251)

16:03:57.182 java.net.SocketTimeoutException: Read timed out, http call failed after 5015 milliseconds for URL: http://192.168.1.62:8082/consumers/my-consumer-group/instances/veera_consumer/assignments
16:03:57.182 http request failed: 
java.net.SocketTimeoutException: Read timed out
16:03:57.182 after scenario inside config 
16:03:57.182 From karate-config file 
16:03:57.182 request:
1 > GET https://reqres.in/api/users%3Fpage=2
1 > Accept-Encoding: gzip,deflate
1 > Connection: Keep-Alive
1 > Host: reqres.in
1 > User-Agent: Apache-HttpClient/4.5.12 (Java/1.8.0_251)

16:03:57.338 response time in milliseconds: 159.73
1 < 200
1 < Access-Control-Allow-Origin: *
1 < Age: 7172
1 < CF-Cache-Status: HIT
1 < CF-RAY: 61cbf9e54dd7171c-SIN
1 < Cache-Control: max-age=14400
1 < Connection: keep-alive
1 < Content-Type: application/json; charset=utf-8
1 < Date: Fri, 05 Feb 2021 10:33:57 GMT
1 < Etag: W/"2c1-N6Rqerxquq2kgQhL51EiSg4x0R8"
1 < Expect-CT: max-age=604800, report-uri="https://report-uri.cloudflare.com/cdn-cgi/beacon/expect-ct"
1 < NEL: {"max_age":604800,"report_to":"cf-nel"}
1 < Report-To: {"max_age":604800,"endpoints":[{"url":"https:\/\/a.nel.cloudflare.com\/report?s=SziXmPMJNmD8kOT80IiIUV4av9tbxwlYJSy40L4PjAU6ZBKGP8sDwhZlaeFVB00B4T%2BoVIxy7cSiynJmkN2qFEqeGQ4OAh2NrYI%3D"}],"group":"cf-nel"}
1 < Server: cloudflare
1 < Set-Cookie: __cfduid=d6bcd8ac74cd0dbb9b36b5b190e0fd0951612521237; expires=Sun, 07-Mar-21 10:33:57 GMT; path=/; domain=.reqres.in; HttpOnly; SameSite=Lax; Secure
1 < Transfer-Encoding: chunked
1 < Vary: Accept-Encoding
1 < Via: 1.1 vegur
1 < X-Powered-By: Express
1 < cf-request-id: 08135a83500000171cd009b000000001
{"page":1,"per_page":6,"total":12,"total_pages":2,"data":[{"id":1,"name":"cerulean","year":2000,"color":"#98B2D1","pantone_value":"15-4020"},{"id":2,"name":"fuchsia rose","year":2001,"color":"#C74375","pantone_value":"17-2031"},{"id":3,"name":"true red","year":2002,"color":"#BF1932","pantone_value":"19-1664"},{"id":4,"name":"aqua sky","year":2003,"color":"#7BC4C4","pantone_value":"14-4811"},{"id":5,"name":"tigerlily","year":2004,"color":"#E2583E","pantone_value":"17-1456"},{"id":6,"name":"blue turquoise","year":2005,"color":"#53B0AE","pantone_value":"15-5217"}],"support":{"url":"https://reqres.in/#support-heading","text":"To keep ReqRes free, contributions towards server costs are appreciated!"}}

16:03:57.338 [print] {
  "per_page": 6,
  "total": 12,
  "data": [
    {
      "color": "#98B2D1",
      "year": 2000,
      "name": "cerulean",
      "id": 1,
      "pantone_value": "15-4020"
    },
    {
      "color": "#C74375",
      "year": 2001,
      "name": "fuchsia rose",
      "id": 2,
      "pantone_value": "17-2031"
    },
    {
      "color": "#BF1932",
      "year": 2002,
      "name": "true red",
      "id": 3,
      "pantone_value": "19-1664"
    },
    {
      "color": "#7BC4C4",
      "year": 2003,
      "name": "aqua sky",
      "id": 4,
      "pantone_value": "14-4811"
    },
    {
      "color": "#E2583E",
      "year": 2004,
      "name": "tigerlily",
      "id": 5,
      "pantone_value": "17-1456"
    },
    {
      "color": "#53B0AE",
      "year": 2005,
      "name": "blue turquoise",
      "id": 6,
      "pantone_value": "15-5217"
    }
  ],
  "page": 1,
  "total_pages": 2,
  "support": {
    "text": "To keep ReqRes free, contributions towards server costs are appreciated!",
    "url": "https://reqres.in/#support-heading"
  }
}

16:03:57.338 after scenario inside config 
16:03:57.338 From karate-config file 
16:03:57.354 request:
1 > DELETE http://192.168.1.62:8082/consumers/my-consumer-group/instances/veera_consumer
1 > Accept: application/vnd.kafka.v2+json
1 > Accept-Encoding: gzip,deflate
1 > Connection: Keep-Alive
1 > Host: 192.168.1.62:8082
1 > User-Agent: Apache-HttpClient/4.5.12 (Java/1.8.0_251)

16:04:02.370 java.net.SocketTimeoutException: Read timed out, http call failed after 5016 milliseconds for URL: http://192.168.1.62:8082/consumers/my-consumer-group/instances/veera_consumer
16:04:02.370 http request failed: 
java.net.SocketTimeoutException: Read timed out
16:04:02.370 after scenario inside config 
